20190731-18:26:17 Train Epoch: 1	Loss: 3.1387	TrainAcc: Prec@1 58.717%	Prec@2 0.000%
20190731-18:28:59 Rank@1:0.810526 Rank@5:0.910526 Rank@10:0.915789 mAP:0.733212
20190731-18:28:59 Saving checkpoint: 1
20190731-18:30:20 Train Epoch: 2	Loss: 1.4952	TrainAcc: Prec@1 97.259%	Prec@2 0.000%
20190731-18:33:03 Rank@1:0.784211 Rank@5:0.910526 Rank@10:0.921053 mAP:0.709642
20190731-18:34:18 Train Epoch: 3	Loss: 1.2981	TrainAcc: Prec@1 99.287%	Prec@2 0.000%
20190731-18:37:01 Rank@1:0.842105 Rank@5:0.905263 Rank@10:0.926316 mAP:0.726114
20190731-18:37:01 Saving checkpoint: 3
20190731-18:38:20 Train Epoch: 4	Loss: 1.2562	TrainAcc: Prec@1 99.671%	Prec@2 0.000%
20190731-18:41:05 Rank@1:0.810526 Rank@5:0.910526 Rank@10:0.915789 mAP:0.740238
20190731-18:42:22 Train Epoch: 5	Loss: 1.2667	TrainAcc: Prec@1 99.671%	Prec@2 0.000%
20190731-18:45:07 Rank@1:0.815789 Rank@5:0.910526 Rank@10:0.921053 mAP:0.751560
20190731-18:46:25 Train Epoch: 6	Loss: 1.2486	TrainAcc: Prec@1 99.726%	Prec@2 0.000%
20190731-18:49:09 Rank@1:0.810526 Rank@5:0.915789 Rank@10:0.921053 mAP:0.732433
20190731-18:50:29 Train Epoch: 7	Loss: 1.2411	TrainAcc: Prec@1 99.836%	Prec@2 0.000%
20190731-18:53:13 Rank@1:0.810526 Rank@5:0.905263 Rank@10:0.921053 mAP:0.731209
20190731-18:54:27 Train Epoch: 8	Loss: 1.2305	TrainAcc: Prec@1 99.890%	Prec@2 0.000%
20190731-18:57:12 Rank@1:0.842105 Rank@5:0.910526 Rank@10:0.921053 mAP:0.731767
20190731-18:57:12 Saving checkpoint: 8
20190731-18:58:32 Train Epoch: 9	Loss: 1.2173	TrainAcc: Prec@1 99.890%	Prec@2 0.000%
20190731-19:01:18 Rank@1:0.789474 Rank@5:0.910526 Rank@10:0.921053 mAP:0.731690
20190731-19:02:33 Train Epoch: 10	Loss: 1.2249	TrainAcc: Prec@1 99.726%	Prec@2 0.000%
20190731-19:05:18 Rank@1:0.784211 Rank@5:0.910526 Rank@10:0.921053 mAP:0.725011
20190731-19:06:36 Train Epoch: 11	Loss: 1.2149	TrainAcc: Prec@1 99.890%	Prec@2 0.000%
20190731-19:09:21 Rank@1:0.831579 Rank@5:0.910526 Rank@10:0.921053 mAP:0.745762
20190731-19:10:37 Train Epoch: 12	Loss: 1.2172	TrainAcc: Prec@1 99.781%	Prec@2 0.000%
20190731-19:13:24 Rank@1:0.821053 Rank@5:0.910526 Rank@10:0.921053 mAP:0.731127
20190731-19:14:39 Train Epoch: 13	Loss: 1.1964	TrainAcc: Prec@1 99.836%	Prec@2 0.000%
20190731-19:17:23 Rank@1:0.778947 Rank@5:0.900000 Rank@10:0.910526 mAP:0.726568
20190731-19:18:43 Train Epoch: 14	Loss: 1.1949	TrainAcc: Prec@1 99.671%	Prec@2 0.000%
20190731-19:21:29 Rank@1:0.794737 Rank@5:0.905263 Rank@10:0.915789 mAP:0.719713
20190731-19:22:44 Train Epoch: 15	Loss: 1.2015	TrainAcc: Prec@1 99.726%	Prec@2 0.000%
20190731-19:25:30 Rank@1:0.800000 Rank@5:0.910526 Rank@10:0.915789 mAP:0.727525
20190731-19:26:49 Train Epoch: 16	Loss: 1.2044	TrainAcc: Prec@1 99.945%	Prec@2 0.000%
20190731-19:29:33 Rank@1:0.800000 Rank@5:0.905263 Rank@10:0.915789 mAP:0.719426
20190731-19:30:49 Train Epoch: 17	Loss: 1.1940	TrainAcc: Prec@1 99.890%	Prec@2 0.000%
20190731-19:33:29 Rank@1:0.810526 Rank@5:0.910526 Rank@10:0.921053 mAP:0.736697
20190731-19:34:07 Train Epoch: 18	Loss: 1.1874	TrainAcc: Prec@1 99.945%	Prec@2 0.000%
20190731-19:35:34 Rank@1:0.794737 Rank@5:0.910526 Rank@10:0.915789 mAP:0.715894
20190731-19:36:13 Train Epoch: 19	Loss: 1.1760	TrainAcc: Prec@1 99.945%	Prec@2 0.000%
20190731-19:37:39 Rank@1:0.800000 Rank@5:0.900000 Rank@10:0.921053 mAP:0.722339
20190731-19:38:18 Train Epoch: 20	Loss: 1.1785	TrainAcc: Prec@1 99.836%	Prec@2 0.000%
20190731-19:39:44 Rank@1:0.794737 Rank@5:0.910526 Rank@10:0.921053 mAP:0.713884
20190731-19:40:23 Train Epoch: 21	Loss: 1.1698	TrainAcc: Prec@1 99.945%	Prec@2 0.000%
20190731-19:41:50 Rank@1:0.805263 Rank@5:0.910526 Rank@10:0.915789 mAP:0.721241
20190731-19:42:29 Train Epoch: 22	Loss: 1.1625	TrainAcc: Prec@1 99.836%	Prec@2 0.000%
20190731-19:43:56 Rank@1:0.805263 Rank@5:0.900000 Rank@10:0.915789 mAP:0.716165
20190731-19:44:35 Train Epoch: 23	Loss: 1.1651	TrainAcc: Prec@1 100.000%	Prec@2 0.000%
20190731-19:46:01 Rank@1:0.794737 Rank@5:0.910526 Rank@10:0.915789 mAP:0.718452
20190731-19:46:40 Train Epoch: 24	Loss: 1.1636	TrainAcc: Prec@1 100.000%	Prec@2 0.000%
20190731-19:48:06 Rank@1:0.800000 Rank@5:0.910526 Rank@10:0.915789 mAP:0.716256
20190731-19:48:45 Train Epoch: 25	Loss: 1.1779	TrainAcc: Prec@1 99.890%	Prec@2 0.000%
20190731-19:50:12 Rank@1:0.784211 Rank@5:0.900000 Rank@10:0.915789 mAP:0.712081
20190731-19:50:51 Train Epoch: 26	Loss: 1.1642	TrainAcc: Prec@1 99.836%	Prec@2 0.000%
20190731-19:52:18 Rank@1:0.805263 Rank@5:0.905263 Rank@10:0.915789 mAP:0.721160
20190731-19:52:57 Train Epoch: 27	Loss: 1.1602	TrainAcc: Prec@1 99.890%	Prec@2 0.000%
20190731-19:54:24 Rank@1:0.794737 Rank@5:0.910526 Rank@10:0.921053 mAP:0.718696
20190731-19:55:02 Train Epoch: 28	Loss: 1.1655	TrainAcc: Prec@1 100.000%	Prec@2 0.000%
20190731-19:56:30 Rank@1:0.800000 Rank@5:0.910526 Rank@10:0.915789 mAP:0.722857
20190731-19:57:09 Train Epoch: 29	Loss: 1.1536	TrainAcc: Prec@1 99.890%	Prec@2 0.000%
20190731-19:58:37 Rank@1:0.805263 Rank@5:0.900000 Rank@10:0.921053 mAP:0.718900
20190731-19:59:16 Train Epoch: 30	Loss: 1.1563	TrainAcc: Prec@1 100.000%	Prec@2 0.000%
20190731-20:00:42 Rank@1:0.821053 Rank@5:0.915789 Rank@10:0.915789 mAP:0.732052
20190731-20:00:42 -------max_test_acc Rank@1 0.842-------
20190731-20:00:42 finish
