20190731-11:18:31 Train Epoch: 1	Loss: 4.8570	TrainAcc: Prec@1 99.726%	Prec@2 0.000%
20190731-11:19:05 Rank@1:0.795812 Rank@5:0.905759 Rank@10:0.931937 mAP:0.734264
20190731-11:19:05 Saving checkpoint: 1
20190731-11:21:00 Train Epoch: 2	Loss: 4.8125	TrainAcc: Prec@1 99.744%	Prec@2 0.000%
20190731-11:21:35 Rank@1:0.795812 Rank@5:0.900524 Rank@10:0.926702 mAP:0.747573
20190731-11:21:35 Saving checkpoint: 2
20190731-11:23:30 Train Epoch: 3	Loss: 4.7628	TrainAcc: Prec@1 99.360%	Prec@2 0.000%
20190731-11:24:04 Rank@1:0.811518 Rank@5:0.900524 Rank@10:0.921466 mAP:0.751780
20190731-11:24:04 Saving checkpoint: 3
20190731-11:26:00 Train Epoch: 4	Loss: 4.7034	TrainAcc: Prec@1 98.684%	Prec@2 0.000%
20190731-11:26:34 Rank@1:0.806283 Rank@5:0.910995 Rank@10:0.921466 mAP:0.746588
20190731-11:28:29 Train Epoch: 5	Loss: 4.6554	TrainAcc: Prec@1 97.186%	Prec@2 0.000%
20190731-11:29:04 Rank@1:0.790576 Rank@5:0.905759 Rank@10:0.926702 mAP:0.739922
20190731-11:30:59 Train Epoch: 6	Loss: 4.6075	TrainAcc: Prec@1 94.773%	Prec@2 0.000%
20190731-11:31:34 Rank@1:0.801047 Rank@5:0.895288 Rank@10:0.916230 mAP:0.743158
20190731-11:33:29 Train Epoch: 7	Loss: 4.5692	TrainAcc: Prec@1 90.552%	Prec@2 0.000%
20190731-11:34:04 Rank@1:0.795812 Rank@5:0.910995 Rank@10:0.910995 mAP:0.741393
20190731-11:35:59 Train Epoch: 8	Loss: 4.5393	TrainAcc: Prec@1 85.490%	Prec@2 0.000%
20190731-11:36:34 Rank@1:0.764398 Rank@5:0.905759 Rank@10:0.921466 mAP:0.714905
20190731-11:38:29 Train Epoch: 9	Loss: 4.4988	TrainAcc: Prec@1 81.634%	Prec@2 0.000%
20190731-11:39:04 Rank@1:0.811518 Rank@5:0.895288 Rank@10:0.910995 mAP:0.732175
20190731-11:39:04 Saving checkpoint: 9
20190731-11:41:00 Train Epoch: 10	Loss: 4.4715	TrainAcc: Prec@1 75.914%	Prec@2 0.000%
20190731-11:41:35 Rank@1:0.801047 Rank@5:0.890052 Rank@10:0.916230 mAP:0.730740
20190731-11:43:30 Train Epoch: 11	Loss: 4.4408	TrainAcc: Prec@1 70.139%	Prec@2 0.000%
20190731-11:44:05 Rank@1:0.785340 Rank@5:0.905759 Rank@10:0.926702 mAP:0.730648
20190731-11:46:00 Train Epoch: 12	Loss: 4.4185	TrainAcc: Prec@1 65.095%	Prec@2 0.000%
20190731-11:46:35 Rank@1:0.780105 Rank@5:0.890052 Rank@10:0.905759 mAP:0.735229
20190731-11:48:30 Train Epoch: 13	Loss: 4.3947	TrainAcc: Prec@1 59.558%	Prec@2 0.000%
20190731-11:49:05 Rank@1:0.795812 Rank@5:0.905759 Rank@10:0.931937 mAP:0.724143
20190731-11:51:00 Train Epoch: 14	Loss: 4.3715	TrainAcc: Prec@1 54.423%	Prec@2 0.000%
20190731-11:51:35 Rank@1:0.816754 Rank@5:0.900524 Rank@10:0.916230 mAP:0.744862
20190731-11:51:35 Saving checkpoint: 14
20190731-11:53:31 Train Epoch: 15	Loss: 4.3528	TrainAcc: Prec@1 51.078%	Prec@2 0.000%
20190731-11:54:06 Rank@1:0.816754 Rank@5:0.900524 Rank@10:0.921466 mAP:0.747434
20190731-11:54:06 Saving checkpoint: 15
20190731-11:56:02 Train Epoch: 16	Loss: 4.3347	TrainAcc: Prec@1 48.958%	Prec@2 0.000%
20190731-11:56:36 Rank@1:0.811518 Rank@5:0.905759 Rank@10:0.916230 mAP:0.738433
20190731-11:58:32 Train Epoch: 17	Loss: 4.3148	TrainAcc: Prec@1 45.760%	Prec@2 0.000%
20190731-11:59:07 Rank@1:0.811518 Rank@5:0.905759 Rank@10:0.931937 mAP:0.744061
20190731-12:01:02 Train Epoch: 18	Loss: 4.2979	TrainAcc: Prec@1 42.654%	Prec@2 0.000%
20190731-12:01:38 Rank@1:0.780105 Rank@5:0.895288 Rank@10:0.931937 mAP:0.716243
20190731-12:03:34 Train Epoch: 19	Loss: 4.2783	TrainAcc: Prec@1 41.338%	Prec@2 0.000%
20190731-12:04:09 Rank@1:0.764398 Rank@5:0.905759 Rank@10:0.947644 mAP:0.715668
20190731-12:06:04 Train Epoch: 20	Loss: 4.2659	TrainAcc: Prec@1 40.095%	Prec@2 0.000%
20190731-12:06:40 Rank@1:0.759162 Rank@5:0.900524 Rank@10:0.952880 mAP:0.716212
20190731-12:08:36 Train Epoch: 21	Loss: 4.2678	TrainAcc: Prec@1 40.241%	Prec@2 0.000%
20190731-12:09:11 Rank@1:0.795812 Rank@5:0.900524 Rank@10:0.937173 mAP:0.728591
20190731-12:11:07 Train Epoch: 22	Loss: 4.2621	TrainAcc: Prec@1 40.223%	Prec@2 0.000%
20190731-12:11:43 Rank@1:0.811518 Rank@5:0.905759 Rank@10:0.916230 mAP:0.732484
20190731-12:13:38 Train Epoch: 23	Loss: 4.2622	TrainAcc: Prec@1 39.748%	Prec@2 0.000%
20190731-12:14:13 Rank@1:0.811518 Rank@5:0.910995 Rank@10:0.931937 mAP:0.731021
20190731-12:16:09 Train Epoch: 24	Loss: 4.2608	TrainAcc: Prec@1 39.419%	Prec@2 0.000%
20190731-12:16:44 Rank@1:0.801047 Rank@5:0.910995 Rank@10:0.931937 mAP:0.739048
20190731-12:18:40 Train Epoch: 25	Loss: 4.2618	TrainAcc: Prec@1 38.688%	Prec@2 0.000%
20190731-12:19:16 Rank@1:0.785340 Rank@5:0.900524 Rank@10:0.958115 mAP:0.733104
20190731-12:21:11 Train Epoch: 26	Loss: 4.2608	TrainAcc: Prec@1 39.364%	Prec@2 0.000%
20190731-12:21:46 Rank@1:0.790576 Rank@5:0.900524 Rank@10:0.947644 mAP:0.740207
20190731-12:23:42 Train Epoch: 27	Loss: 4.2607	TrainAcc: Prec@1 39.401%	Prec@2 0.000%
20190731-12:24:17 Rank@1:0.801047 Rank@5:0.910995 Rank@10:0.931937 mAP:0.740253
20190731-12:26:13 Train Epoch: 28	Loss: 4.2570	TrainAcc: Prec@1 39.053%	Prec@2 0.000%
20190731-12:26:49 Rank@1:0.806283 Rank@5:0.905759 Rank@10:0.916230 mAP:0.738418
20190731-12:28:44 Train Epoch: 29	Loss: 4.2537	TrainAcc: Prec@1 39.236%	Prec@2 0.000%
20190731-12:29:20 Rank@1:0.801047 Rank@5:0.910995 Rank@10:0.952880 mAP:0.732877
20190731-12:31:15 Train Epoch: 30	Loss: 4.2592	TrainAcc: Prec@1 39.419%	Prec@2 0.000%
20190731-12:31:51 Rank@1:0.821990 Rank@5:0.905759 Rank@10:0.947644 mAP:0.749457
20190731-12:31:51 Saving checkpoint: 30
20190731-12:31:51 -------max_test_acc Rank@1 0.822%-------
20190731-12:31:51 finish
