20190728-18:27:21 Train Epoch: 1	Loss: 12.0634	TrainAcc: Prec@1 38.268%	Prec@2 35.855%
20190728-18:28:21 Rank@1:0.621053 Rank@5:0.794737 Rank@10:0.836842 mAP:0.539902
20190728-18:28:21 Saving checkpoint: 1
20190728-18:28:49 Train Epoch: 2	Loss: 9.6577	TrainAcc: Prec@1 62.555%	Prec@2 59.101%
20190728-18:29:50 Rank@1:0.652632 Rank@5:0.789474 Rank@10:0.842105 mAP:0.568191
20190728-18:29:50 Saving checkpoint: 2
20190728-18:30:19 Train Epoch: 3	Loss: 9.6962	TrainAcc: Prec@1 69.572%	Prec@2 65.844%
20190728-18:31:20 Rank@1:0.647368 Rank@5:0.815789 Rank@10:0.873684 mAP:0.567894
20190728-18:32:45 Train Epoch: 4	Loss: 7.3271	TrainAcc: Prec@1 76.754%	Prec@2 72.259%
20190728-18:33:48 Rank@1:0.705263 Rank@5:0.836842 Rank@10:0.842105 mAP:0.673107
20190728-18:33:48 Saving checkpoint: 4
20190728-18:35:15 Train Epoch: 5	Loss: 5.2094	TrainAcc: Prec@1 87.829%	Prec@2 85.471%
20190728-18:36:18 Rank@1:0.694737 Rank@5:0.863158 Rank@10:0.884211 mAP:0.672246
20190728-18:37:44 Train Epoch: 6	Loss: 4.7098	TrainAcc: Prec@1 93.640%	Prec@2 91.338%
20190728-18:38:48 Rank@1:0.705263 Rank@5:0.873684 Rank@10:0.915789 mAP:0.682732
20190728-18:38:48 Saving checkpoint: 6
20190728-18:40:15 Train Epoch: 7	Loss: 4.3589	TrainAcc: Prec@1 95.614%	Prec@2 94.079%
20190728-18:41:20 Rank@1:0.757895 Rank@5:0.889474 Rank@10:0.905263 mAP:0.694873
20190728-18:41:20 Saving checkpoint: 7
20190728-18:42:47 Train Epoch: 8	Loss: 4.1739	TrainAcc: Prec@1 97.588%	Prec@2 95.011%
20190728-18:43:53 Rank@1:0.752632 Rank@5:0.884211 Rank@10:0.900000 mAP:0.699829
20190728-18:45:19 Train Epoch: 9	Loss: 4.0104	TrainAcc: Prec@1 97.862%	Prec@2 96.820%
20190728-18:46:25 Rank@1:0.784211 Rank@5:0.905263 Rank@10:0.926316 mAP:0.705502
20190728-18:46:25 Saving checkpoint: 9
20190728-18:47:53 Train Epoch: 10	Loss: 3.9457	TrainAcc: Prec@1 98.575%	Prec@2 97.697%
20190728-18:48:57 Rank@1:0.794737 Rank@5:0.915789 Rank@10:0.931579 mAP:0.724906
20190728-18:48:57 Saving checkpoint: 10
20190728-18:50:25 Train Epoch: 11	Loss: 3.8451	TrainAcc: Prec@1 99.068%	Prec@2 98.465%
20190728-18:51:29 Rank@1:0.794737 Rank@5:0.910526 Rank@10:0.926316 mAP:0.718589
20190728-18:51:29 Saving checkpoint: 11
20190728-18:52:57 Train Epoch: 12	Loss: 3.8110	TrainAcc: Prec@1 99.507%	Prec@2 98.849%
20190728-18:54:02 Rank@1:0.768421 Rank@5:0.900000 Rank@10:0.921053 mAP:0.721260
20190728-18:55:28 Train Epoch: 13	Loss: 3.7254	TrainAcc: Prec@1 99.342%	Prec@2 99.013%
20190728-18:56:33 Rank@1:0.778947 Rank@5:0.894737 Rank@10:0.915789 mAP:0.714708
20190728-18:57:59 Train Epoch: 14	Loss: 3.6691	TrainAcc: Prec@1 99.781%	Prec@2 99.342%
20190728-18:59:03 Rank@1:0.805263 Rank@5:0.910526 Rank@10:0.915789 mAP:0.720692
20190728-18:59:03 Saving checkpoint: 14
20190728-19:00:30 Train Epoch: 15	Loss: 3.6034	TrainAcc: Prec@1 99.726%	Prec@2 99.342%
20190728-19:01:37 Rank@1:0.789474 Rank@5:0.905263 Rank@10:0.926316 mAP:0.703166
20190728-19:03:03 Train Epoch: 16	Loss: 3.6043	TrainAcc: Prec@1 99.671%	Prec@2 99.561%
20190728-19:04:07 Rank@1:0.800000 Rank@5:0.910526 Rank@10:0.921053 mAP:0.714684
20190728-19:05:33 Train Epoch: 17	Loss: 3.6192	TrainAcc: Prec@1 99.781%	Prec@2 99.561%
20190728-19:06:36 Rank@1:0.794737 Rank@5:0.910526 Rank@10:0.926316 mAP:0.718468
20190728-19:08:03 Train Epoch: 18	Loss: 3.5650	TrainAcc: Prec@1 99.726%	Prec@2 99.781%
20190728-19:09:08 Rank@1:0.805263 Rank@5:0.910526 Rank@10:0.915789 mAP:0.719284
20190728-19:09:08 Saving checkpoint: 18
20190728-19:10:35 Train Epoch: 19	Loss: 3.5259	TrainAcc: Prec@1 99.890%	Prec@2 99.781%
20190728-19:11:40 Rank@1:0.810526 Rank@5:0.910526 Rank@10:0.931579 mAP:0.722921
20190728-19:11:40 Saving checkpoint: 19
20190728-19:13:08 Train Epoch: 20	Loss: 3.4932	TrainAcc: Prec@1 99.890%	Prec@2 99.890%
20190728-19:14:12 Rank@1:0.815789 Rank@5:0.910526 Rank@10:0.921053 mAP:0.732745
20190728-19:14:12 Saving checkpoint: 20
20190728-19:15:40 Train Epoch: 21	Loss: 3.4939	TrainAcc: Prec@1 99.781%	Prec@2 99.836%
20190728-19:16:44 Rank@1:0.789474 Rank@5:0.905263 Rank@10:0.931579 mAP:0.712362
20190728-19:18:11 Train Epoch: 22	Loss: 3.4644	TrainAcc: Prec@1 100.000%	Prec@2 99.890%
20190728-19:19:16 Rank@1:0.800000 Rank@5:0.910526 Rank@10:0.931579 mAP:0.717044
20190728-19:20:42 Train Epoch: 23	Loss: 3.4498	TrainAcc: Prec@1 100.000%	Prec@2 99.616%
20190728-19:21:47 Rank@1:0.800000 Rank@5:0.894737 Rank@10:0.921053 mAP:0.729953
20190728-19:23:14 Train Epoch: 24	Loss: 3.4414	TrainAcc: Prec@1 99.890%	Prec@2 99.945%
20190728-19:24:16 Rank@1:0.794737 Rank@5:0.915789 Rank@10:0.921053 mAP:0.725921
20190728-19:25:40 Train Epoch: 25	Loss: 3.4416	TrainAcc: Prec@1 100.000%	Prec@2 99.890%
20190728-19:26:40 Rank@1:0.789474 Rank@5:0.910526 Rank@10:0.931579 mAP:0.715256
20190728-19:28:04 Train Epoch: 26	Loss: 3.4478	TrainAcc: Prec@1 100.000%	Prec@2 99.836%
20190728-19:29:05 Rank@1:0.794737 Rank@5:0.910526 Rank@10:0.926316 mAP:0.706958
20190728-19:30:28 Train Epoch: 27	Loss: 3.4402	TrainAcc: Prec@1 100.000%	Prec@2 99.890%
20190728-19:31:29 Rank@1:0.805263 Rank@5:0.910526 Rank@10:0.931579 mAP:0.721520
20190728-19:32:53 Train Epoch: 28	Loss: 3.4436	TrainAcc: Prec@1 100.000%	Prec@2 99.836%
20190728-19:33:53 Rank@1:0.794737 Rank@5:0.894737 Rank@10:0.921053 mAP:0.706978
20190728-19:35:17 Train Epoch: 29	Loss: 3.4385	TrainAcc: Prec@1 100.000%	Prec@2 99.945%
20190728-19:36:17 Rank@1:0.805263 Rank@5:0.905263 Rank@10:0.926316 mAP:0.719711
20190728-19:37:40 Train Epoch: 30	Loss: 3.4136	TrainAcc: Prec@1 99.945%	Prec@2 99.890%
20190728-19:38:40 Rank@1:0.821053 Rank@5:0.910526 Rank@10:0.931579 mAP:0.723950
20190728-19:38:40 Saving checkpoint: 30
20190728-19:38:41 -------max_test_acc Rank@1 0.821-------
20190728-19:38:41 finish
