20190803-20:58:01 Train Epoch: 1	Loss: 7.3571	TrainAcc: Prec@1 99.890%	Prec@2 0.000%
20190803-20:59:10 Rank@1:0.790576 Rank@5:0.916230 Rank@10:0.921466 mAP:0.709540
20190803-20:59:10 Saving checkpoint: 1
20190803-21:03:23 Train Epoch: 2	Loss: 7.2957	TrainAcc: Prec@1 99.890%	Prec@2 0.000%
20190803-21:04:33 Rank@1:0.795812 Rank@5:0.916230 Rank@10:0.921466 mAP:0.708120
20190803-21:04:33 Saving checkpoint: 2
20190803-21:08:48 Train Epoch: 3	Loss: 7.2328	TrainAcc: Prec@1 99.927%	Prec@2 0.000%
20190803-21:10:01 Rank@1:0.785340 Rank@5:0.890052 Rank@10:0.900524 mAP:0.713167
20190803-21:14:13 Train Epoch: 4	Loss: 7.1420	TrainAcc: Prec@1 99.909%	Prec@2 0.000%
20190803-21:15:24 Rank@1:0.774869 Rank@5:0.895288 Rank@10:0.900524 mAP:0.709423
20190803-21:19:38 Train Epoch: 5	Loss: 7.0640	TrainAcc: Prec@1 99.945%	Prec@2 0.000%
20190803-21:20:49 Rank@1:0.785340 Rank@5:0.895288 Rank@10:0.910995 mAP:0.708732
20190803-21:25:03 Train Epoch: 6	Loss: 7.0112	TrainAcc: Prec@1 99.963%	Prec@2 0.000%
20190803-21:26:15 Rank@1:0.821990 Rank@5:0.905759 Rank@10:0.937173 mAP:0.724077
20190803-21:26:15 Saving checkpoint: 6
20190803-21:30:29 Train Epoch: 7	Loss: 6.9471	TrainAcc: Prec@1 99.982%	Prec@2 0.000%
20190803-21:31:38 Rank@1:0.790576 Rank@5:0.900524 Rank@10:0.937173 mAP:0.710445
20190803-21:35:46 Train Epoch: 8	Loss: 6.8868	TrainAcc: Prec@1 99.963%	Prec@2 0.000%
20190803-21:36:58 Rank@1:0.811518 Rank@5:0.905759 Rank@10:0.947644 mAP:0.729659
20190803-21:41:08 Train Epoch: 9	Loss: 6.8466	TrainAcc: Prec@1 100.000%	Prec@2 0.000%
20190803-21:42:18 Rank@1:0.821990 Rank@5:0.910995 Rank@10:0.947644 mAP:0.753414
20190803-21:42:18 Saving checkpoint: 9
20190803-21:46:31 Train Epoch: 10	Loss: 6.8069	TrainAcc: Prec@1 99.963%	Prec@2 0.000%
20190803-21:47:41 Rank@1:0.827225 Rank@5:0.905759 Rank@10:0.947644 mAP:0.741628
20190803-21:47:41 Saving checkpoint: 10
20190803-21:51:58 Train Epoch: 11	Loss: 6.7838	TrainAcc: Prec@1 100.000%	Prec@2 0.000%
20190803-21:53:10 Rank@1:0.811518 Rank@5:0.895288 Rank@10:0.937173 mAP:0.729695
20190803-21:57:24 Train Epoch: 12	Loss: 6.7417	TrainAcc: Prec@1 99.982%	Prec@2 0.000%
20190803-21:58:34 Rank@1:0.827225 Rank@5:0.900524 Rank@10:0.921466 mAP:0.739020
20190803-21:58:34 Saving checkpoint: 12
20190803-22:02:49 Train Epoch: 13	Loss: 6.7153	TrainAcc: Prec@1 100.000%	Prec@2 0.000%
20190803-22:04:00 Rank@1:0.816754 Rank@5:0.900524 Rank@10:0.921466 mAP:0.727211
20190803-22:08:13 Train Epoch: 14	Loss: 6.6855	TrainAcc: Prec@1 100.000%	Prec@2 0.000%
20190803-22:09:24 Rank@1:0.821990 Rank@5:0.900524 Rank@10:0.916230 mAP:0.735647
20190803-22:13:36 Train Epoch: 15	Loss: 6.6492	TrainAcc: Prec@1 100.000%	Prec@2 0.000%
20190803-22:14:50 Rank@1:0.780105 Rank@5:0.900524 Rank@10:0.937173 mAP:0.719020
20190803-22:19:02 Train Epoch: 16	Loss: 6.6289	TrainAcc: Prec@1 100.000%	Prec@2 0.000%
20190803-22:20:14 Rank@1:0.806283 Rank@5:0.916230 Rank@10:0.916230 mAP:0.724275
20190803-22:24:27 Train Epoch: 17	Loss: 6.6197	TrainAcc: Prec@1 100.000%	Prec@2 0.000%
20190803-22:25:36 Rank@1:0.837696 Rank@5:0.905759 Rank@10:0.931937 mAP:0.744545
20190803-22:25:36 Saving checkpoint: 17
20190803-22:29:50 Train Epoch: 18	Loss: 6.5630	TrainAcc: Prec@1 99.982%	Prec@2 0.000%
20190803-22:31:00 Rank@1:0.832461 Rank@5:0.900524 Rank@10:0.921466 mAP:0.746393
20190803-22:35:13 Train Epoch: 19	Loss: 6.5560	TrainAcc: Prec@1 100.000%	Prec@2 0.000%
20190803-22:36:25 Rank@1:0.821990 Rank@5:0.910995 Rank@10:0.937173 mAP:0.749904
20190803-22:40:38 Train Epoch: 20	Loss: 6.5359	TrainAcc: Prec@1 100.000%	Prec@2 0.000%
20190803-22:41:51 Rank@1:0.827225 Rank@5:0.916230 Rank@10:0.942408 mAP:0.760609
20190803-22:46:04 Train Epoch: 21	Loss: 6.5271	TrainAcc: Prec@1 100.000%	Prec@2 0.000%
20190803-22:47:18 Rank@1:0.821990 Rank@5:0.910995 Rank@10:0.931937 mAP:0.753221
20190803-22:51:31 Train Epoch: 22	Loss: 6.5173	TrainAcc: Prec@1 99.963%	Prec@2 0.000%
20190803-22:52:42 Rank@1:0.827225 Rank@5:0.916230 Rank@10:0.931937 mAP:0.755794
20190803-22:56:55 Train Epoch: 23	Loss: 6.5217	TrainAcc: Prec@1 100.000%	Prec@2 0.000%
20190803-22:58:05 Rank@1:0.842932 Rank@5:0.910995 Rank@10:0.931937 mAP:0.753500
20190803-22:58:05 Saving checkpoint: 23
20190803-23:02:19 Train Epoch: 24	Loss: 6.5300	TrainAcc: Prec@1 100.000%	Prec@2 0.000%
20190803-23:03:32 Rank@1:0.832461 Rank@5:0.910995 Rank@10:0.958115 mAP:0.757283
20190803-23:07:45 Train Epoch: 25	Loss: 6.5192	TrainAcc: Prec@1 100.000%	Prec@2 0.000%
20190803-23:08:57 Rank@1:0.832461 Rank@5:0.910995 Rank@10:0.942408 mAP:0.754308
20190803-23:13:09 Train Epoch: 26	Loss: 6.5211	TrainAcc: Prec@1 99.982%	Prec@2 0.000%
20190803-23:14:23 Rank@1:0.821990 Rank@5:0.916230 Rank@10:0.947644 mAP:0.756009
20190803-23:18:36 Train Epoch: 27	Loss: 6.5131	TrainAcc: Prec@1 100.000%	Prec@2 0.000%
20190803-23:19:48 Rank@1:0.821990 Rank@5:0.910995 Rank@10:0.937173 mAP:0.752842
20190803-23:24:01 Train Epoch: 28	Loss: 6.5048	TrainAcc: Prec@1 100.000%	Prec@2 0.000%
20190803-23:25:11 Rank@1:0.816754 Rank@5:0.910995 Rank@10:0.952880 mAP:0.751232
20190803-23:29:24 Train Epoch: 29	Loss: 6.5102	TrainAcc: Prec@1 99.982%	Prec@2 0.000%
20190803-23:30:35 Rank@1:0.827225 Rank@5:0.905759 Rank@10:0.947644 mAP:0.744950
20190803-23:34:48 Train Epoch: 30	Loss: 6.5081	TrainAcc: Prec@1 100.000%	Prec@2 0.000%
20190803-23:35:59 Rank@1:0.832461 Rank@5:0.910995 Rank@10:0.931937 mAP:0.755177
20190803-23:35:59 -------max_test_acc Rank@1 0.843-------
20190803-23:35:59 finish
