20190721-19:53:31 Train Epoch: 1	Loss: 4.0380	TrainAcc: Prec@1 37.500%	Prec@5 64.857%
20190721-19:54:04 Rank@1:0.668421 Rank@5:0.794737 Rank@10:0.842105 mAP:0.576228
20190721-19:54:04 Saving checkpoint: 1
20190721-19:54:33 Train Epoch: 2	Loss: 3.1789	TrainAcc: Prec@1 62.226%	Prec@5 90.680%
20190721-19:55:07 Rank@1:0.636842 Rank@5:0.773684 Rank@10:0.873684 mAP:0.571476
20190721-19:55:21 Train Epoch: 3	Loss: 3.2614	TrainAcc: Prec@1 67.379%	Prec@5 93.366%
20190721-19:55:54 Rank@1:0.668421 Rank@5:0.815789 Rank@10:0.878947 mAP:0.569052
20190721-19:55:54 Saving checkpoint: 3
20190721-19:56:52 Train Epoch: 4	Loss: 2.3495	TrainAcc: Prec@1 76.261%	Prec@5 96.272%
20190721-19:57:26 Rank@1:0.715789 Rank@5:0.821053 Rank@10:0.884211 mAP:0.662953
20190721-19:57:26 Saving checkpoint: 4
20190721-19:58:22 Train Epoch: 5	Loss: 1.6966	TrainAcc: Prec@1 88.871%	Prec@5 98.849%
20190721-19:58:55 Rank@1:0.747368 Rank@5:0.847368 Rank@10:0.884211 mAP:0.697885
20190721-19:58:55 Saving checkpoint: 5
20190721-19:59:51 Train Epoch: 6	Loss: 1.5097	TrainAcc: Prec@1 93.860%	Prec@5 99.726%
20190721-20:00:24 Rank@1:0.742105 Rank@5:0.878947 Rank@10:0.921053 mAP:0.698501
20190721-20:01:06 Train Epoch: 7	Loss: 1.4335	TrainAcc: Prec@1 95.888%	Prec@5 99.836%
20190721-20:01:40 Rank@1:0.747368 Rank@5:0.878947 Rank@10:0.905263 mAP:0.714745
20190721-20:01:40 Saving checkpoint: 7
20190721-20:02:36 Train Epoch: 8	Loss: 1.3631	TrainAcc: Prec@1 98.191%	Prec@5 100.000%
20190721-20:03:09 Rank@1:0.763158 Rank@5:0.878947 Rank@10:0.905263 mAP:0.722321
20190721-20:03:09 Saving checkpoint: 8
20190721-20:04:05 Train Epoch: 9	Loss: 1.3287	TrainAcc: Prec@1 98.081%	Prec@5 100.000%
20190721-20:04:38 Rank@1:0.789474 Rank@5:0.905263 Rank@10:0.915789 mAP:0.733427
20190721-20:04:38 Saving checkpoint: 9
20190721-20:05:35 Train Epoch: 10	Loss: 1.3025	TrainAcc: Prec@1 98.575%	Prec@5 99.945%
20190721-20:06:08 Rank@1:0.742105 Rank@5:0.873684 Rank@10:0.915789 mAP:0.704643
20190721-20:06:50 Train Epoch: 11	Loss: 1.2553	TrainAcc: Prec@1 99.726%	Prec@5 100.000%
20190721-20:07:24 Rank@1:0.768421 Rank@5:0.884211 Rank@10:0.900000 mAP:0.716759
20190721-20:08:06 Train Epoch: 12	Loss: 1.2430	TrainAcc: Prec@1 99.507%	Prec@5 100.000%
20190721-20:08:40 Rank@1:0.747368 Rank@5:0.873684 Rank@10:0.900000 mAP:0.712085
20190721-20:09:22 Train Epoch: 13	Loss: 1.2429	TrainAcc: Prec@1 99.397%	Prec@5 100.000%
20190721-20:09:55 Rank@1:0.778947 Rank@5:0.900000 Rank@10:0.915789 mAP:0.722271
20190721-20:10:37 Train Epoch: 14	Loss: 1.2152	TrainAcc: Prec@1 99.616%	Prec@5 100.000%
20190721-20:11:10 Rank@1:0.800000 Rank@5:0.910526 Rank@10:0.957895 mAP:0.736808
20190721-20:11:10 Saving checkpoint: 14
20190721-20:12:06 Train Epoch: 15	Loss: 1.2149	TrainAcc: Prec@1 99.671%	Prec@5 100.000%
20190721-20:12:39 Rank@1:0.800000 Rank@5:0.878947 Rank@10:0.921053 mAP:0.726065
20190721-20:12:39 Saving checkpoint: 15
20190721-20:13:38 Train Epoch: 16	Loss: 1.2006	TrainAcc: Prec@1 99.726%	Prec@5 100.000%
20190721-20:14:11 Rank@1:0.768421 Rank@5:0.915789 Rank@10:0.936842 mAP:0.712295
20190721-20:14:53 Train Epoch: 17	Loss: 1.1894	TrainAcc: Prec@1 99.945%	Prec@5 100.000%
20190721-20:15:26 Rank@1:0.800000 Rank@5:0.894737 Rank@10:0.926316 mAP:0.740061
20190721-20:15:26 Saving checkpoint: 17
20190721-20:16:24 Train Epoch: 18	Loss: 1.1864	TrainAcc: Prec@1 99.890%	Prec@5 100.000%
20190721-20:16:58 Rank@1:0.821053 Rank@5:0.921053 Rank@10:0.942105 mAP:0.744169
20190721-20:16:58 Saving checkpoint: 18
20190721-20:17:54 Train Epoch: 19	Loss: 1.1699	TrainAcc: Prec@1 99.836%	Prec@5 99.945%
20190721-20:18:27 Rank@1:0.773684 Rank@5:0.915789 Rank@10:0.952632 mAP:0.722483
20190721-20:19:10 Train Epoch: 20	Loss: 1.1670	TrainAcc: Prec@1 99.836%	Prec@5 100.000%
20190721-20:19:44 Rank@1:0.778947 Rank@5:0.900000 Rank@10:0.936842 mAP:0.720823
20190721-20:20:27 Train Epoch: 21	Loss: 1.1618	TrainAcc: Prec@1 100.000%	Prec@5 100.000%
20190721-20:21:01 Rank@1:0.778947 Rank@5:0.894737 Rank@10:0.926316 mAP:0.724335
20190721-20:21:43 Train Epoch: 22	Loss: 1.1429	TrainAcc: Prec@1 99.890%	Prec@5 100.000%
20190721-20:22:18 Rank@1:0.778947 Rank@5:0.915789 Rank@10:0.942105 mAP:0.718166
20190721-20:23:01 Train Epoch: 23	Loss: 1.1501	TrainAcc: Prec@1 100.000%	Prec@5 100.000%
20190721-20:23:35 Rank@1:0.763158 Rank@5:0.884211 Rank@10:0.926316 mAP:0.704095
20190721-20:24:18 Train Epoch: 24	Loss: 1.1485	TrainAcc: Prec@1 99.890%	Prec@5 100.000%
20190721-20:24:52 Rank@1:0.778947 Rank@5:0.900000 Rank@10:0.926316 mAP:0.711499
20190721-20:25:35 Train Epoch: 25	Loss: 1.1535	TrainAcc: Prec@1 100.000%	Prec@5 100.000%
20190721-20:26:09 Rank@1:0.794737 Rank@5:0.910526 Rank@10:0.947368 mAP:0.738870
20190721-20:26:52 Train Epoch: 26	Loss: 1.1497	TrainAcc: Prec@1 100.000%	Prec@5 100.000%
20190721-20:27:27 Rank@1:0.773684 Rank@5:0.905263 Rank@10:0.926316 mAP:0.721724
20190721-20:28:10 Train Epoch: 27	Loss: 1.1442	TrainAcc: Prec@1 99.890%	Prec@5 100.000%
20190721-20:28:45 Rank@1:0.800000 Rank@5:0.921053 Rank@10:0.926316 mAP:0.726720
20190721-20:29:28 Train Epoch: 28	Loss: 1.1493	TrainAcc: Prec@1 99.945%	Prec@5 100.000%
20190721-20:30:03 Rank@1:0.752632 Rank@5:0.915789 Rank@10:0.931579 mAP:0.697245
20190721-20:30:46 Train Epoch: 29	Loss: 1.1359	TrainAcc: Prec@1 100.000%	Prec@5 100.000%
20190721-20:31:21 Rank@1:0.757895 Rank@5:0.900000 Rank@10:0.942105 mAP:0.717240
20190721-20:32:04 Train Epoch: 30	Loss: 1.1505	TrainAcc: Prec@1 99.945%	Prec@5 100.000%
20190721-20:32:39 Rank@1:0.757895 Rank@5:0.900000 Rank@10:0.926316 mAP:0.710793
20190721-20:32:39 -------max_test_acc Rank@1 0.821%-------
20190721-20:32:39 finish
