20190722-18:11:50 Train Epoch: 1	Loss: 9.2706	TrainAcc: Prec@1 21.292%	Prec@5 39.427%
20190722-18:12:23 Rank@1:0.626316 Rank@5:0.821053 Rank@10:0.863158 mAP:0.553210
20190722-18:12:23 Saving checkpoint: 1
20190722-18:13:03 Train Epoch: 2	Loss: 8.6759	TrainAcc: Prec@1 31.681%	Prec@5 53.231%
20190722-18:13:36 Rank@1:0.557895 Rank@5:0.789474 Rank@10:0.821053 mAP:0.537741
20190722-18:14:01 Train Epoch: 3	Loss: 7.6574	TrainAcc: Prec@1 39.574%	Prec@5 59.178%
20190722-18:14:34 Rank@1:0.584211 Rank@5:0.784211 Rank@10:0.831579 mAP:0.546619
20190722-18:15:38 Train Epoch: 4	Loss: 5.4413	TrainAcc: Prec@1 44.126%	Prec@5 62.041%
20190722-18:16:10 Rank@1:0.589474 Rank@5:0.857895 Rank@10:0.910526 mAP:0.624501
20190722-18:17:14 Train Epoch: 5	Loss: 3.9016	TrainAcc: Prec@1 56.461%	Prec@5 65.529%
20190722-18:17:47 Rank@1:0.673684 Rank@5:0.857895 Rank@10:0.889474 mAP:0.675209
20190722-18:17:47 Saving checkpoint: 5
20190722-18:19:10 Train Epoch: 6	Loss: 3.5098	TrainAcc: Prec@1 60.609%	Prec@5 66.593%
20190722-18:19:43 Rank@1:0.715789 Rank@5:0.857895 Rank@10:0.900000 mAP:0.698638
20190722-18:19:43 Saving checkpoint: 6
20190722-18:21:00 Train Epoch: 7	Loss: 3.1852	TrainAcc: Prec@1 63.106%	Prec@5 66.887%
20190722-18:21:34 Rank@1:0.752632 Rank@5:0.884211 Rank@10:0.900000 mAP:0.714348
20190722-18:21:34 Saving checkpoint: 7
20190722-18:22:52 Train Epoch: 8	Loss: 2.9708	TrainAcc: Prec@1 64.684%	Prec@5 66.887%
20190722-18:23:25 Rank@1:0.747368 Rank@5:0.852632 Rank@10:0.878947 mAP:0.710023
20190722-18:24:30 Train Epoch: 9	Loss: 2.8302	TrainAcc: Prec@1 65.529%	Prec@5 66.960%
20190722-18:25:03 Rank@1:0.731579 Rank@5:0.842105 Rank@10:0.894737 mAP:0.691534
20190722-18:26:08 Train Epoch: 10	Loss: 2.7716	TrainAcc: Prec@1 66.079%	Prec@5 66.960%
20190722-18:26:41 Rank@1:0.715789 Rank@5:0.842105 Rank@10:0.889474 mAP:0.684658
20190722-18:27:46 Train Epoch: 11	Loss: 2.7144	TrainAcc: Prec@1 66.153%	Prec@5 66.960%
20190722-18:28:19 Rank@1:0.794737 Rank@5:0.873684 Rank@10:0.905263 mAP:0.717563
20190722-18:28:19 Saving checkpoint: 11
20190722-18:29:48 Train Epoch: 12	Loss: 2.6490	TrainAcc: Prec@1 66.557%	Prec@5 66.960%
20190722-18:30:22 Rank@1:0.742105 Rank@5:0.852632 Rank@10:0.878947 mAP:0.681667
20190722-18:31:27 Train Epoch: 13	Loss: 2.6047	TrainAcc: Prec@1 66.703%	Prec@5 66.960%
20190722-18:32:02 Rank@1:0.731579 Rank@5:0.863158 Rank@10:0.910526 mAP:0.700189
20190722-18:33:08 Train Epoch: 14	Loss: 2.5911	TrainAcc: Prec@1 66.850%	Prec@5 66.960%
20190722-18:33:43 Rank@1:0.742105 Rank@5:0.857895 Rank@10:0.894737 mAP:0.697735
20190722-18:34:48 Train Epoch: 15	Loss: 2.5592	TrainAcc: Prec@1 66.814%	Prec@5 66.960%
20190722-18:35:23 Rank@1:0.710526 Rank@5:0.847368 Rank@10:0.889474 mAP:0.684147
20190722-18:36:29 Train Epoch: 16	Loss: 2.5282	TrainAcc: Prec@1 66.850%	Prec@5 66.960%
20190722-18:37:03 Rank@1:0.784211 Rank@5:0.852632 Rank@10:0.894737 mAP:0.716881
20190722-18:38:09 Train Epoch: 17	Loss: 2.5258	TrainAcc: Prec@1 66.850%	Prec@5 66.960%
20190722-18:38:44 Rank@1:0.778947 Rank@5:0.857895 Rank@10:0.894737 mAP:0.718805
20190722-18:39:49 Train Epoch: 18	Loss: 2.5062	TrainAcc: Prec@1 66.924%	Prec@5 66.960%
20190722-18:40:25 Rank@1:0.747368 Rank@5:0.842105 Rank@10:0.900000 mAP:0.702122
20190722-18:41:31 Train Epoch: 19	Loss: 2.4872	TrainAcc: Prec@1 66.887%	Prec@5 66.960%
20190722-18:42:06 Rank@1:0.763158 Rank@5:0.863158 Rank@10:0.905263 mAP:0.708986
20190722-18:43:11 Train Epoch: 20	Loss: 2.4667	TrainAcc: Prec@1 66.960%	Prec@5 66.960%
20190722-18:43:46 Rank@1:0.800000 Rank@5:0.868421 Rank@10:0.894737 mAP:0.729663
20190722-18:43:46 Saving checkpoint: 20
20190722-18:45:09 Train Epoch: 21	Loss: 2.4496	TrainAcc: Prec@1 67.133%	Prec@5 67.207%
20190722-18:45:44 Rank@1:0.752632 Rank@5:0.873684 Rank@10:0.915789 mAP:0.697531
20190722-18:46:50 Train Epoch: 22	Loss: 2.4522	TrainAcc: Prec@1 66.887%	Prec@5 66.960%
20190722-18:47:25 Rank@1:0.773684 Rank@5:0.857895 Rank@10:0.905263 mAP:0.714995
20190722-18:48:31 Train Epoch: 23	Loss: 2.4335	TrainAcc: Prec@1 66.960%	Prec@5 66.960%
20190722-18:49:07 Rank@1:0.763158 Rank@5:0.868421 Rank@10:0.905263 mAP:0.700011
20190722-18:50:14 Train Epoch: 24	Loss: 2.4355	TrainAcc: Prec@1 66.960%	Prec@5 66.960%
20190722-18:50:50 Rank@1:0.800000 Rank@5:0.873684 Rank@10:0.915789 mAP:0.724188
20190722-18:50:50 Saving checkpoint: 24
20190722-18:52:10 Train Epoch: 25	Loss: 2.4347	TrainAcc: Prec@1 66.960%	Prec@5 66.960%
20190722-18:52:46 Rank@1:0.763158 Rank@5:0.878947 Rank@10:0.915789 mAP:0.713974
20190722-18:53:51 Train Epoch: 26	Loss: 2.4271	TrainAcc: Prec@1 66.960%	Prec@5 66.960%
20190722-18:54:27 Rank@1:0.757895 Rank@5:0.868421 Rank@10:0.921053 mAP:0.705012
20190722-18:55:33 Train Epoch: 27	Loss: 2.4313	TrainAcc: Prec@1 66.960%	Prec@5 66.960%
20190722-18:56:08 Rank@1:0.736842 Rank@5:0.857895 Rank@10:0.894737 mAP:0.696698
20190722-18:57:14 Train Epoch: 28	Loss: 2.4272	TrainAcc: Prec@1 66.960%	Prec@5 66.960%
20190722-18:57:50 Rank@1:0.752632 Rank@5:0.868421 Rank@10:0.910526 mAP:0.708576
20190722-18:58:56 Train Epoch: 29	Loss: 2.4297	TrainAcc: Prec@1 66.924%	Prec@5 66.960%
20190722-18:59:31 Rank@1:0.789474 Rank@5:0.868421 Rank@10:0.884211 mAP:0.719171
20190722-19:00:36 Train Epoch: 30	Loss: 2.4255	TrainAcc: Prec@1 66.924%	Prec@5 66.960%
20190722-19:01:12 Rank@1:0.763158 Rank@5:0.868421 Rank@10:0.905263 mAP:0.704033
20190722-19:01:12 -------max_test_acc Rank@1 0.800-------
20190722-19:01:12 finish
